1701249753784	geckodriver	INFO	Listening on 127.0.0.1:62965
1701249756773	mozrunner::runner	INFO	Running command: "C:\\Program Files\\Mozilla Firefox\\firefox.exe" "--marionette" "--remote-debugging-port" "62966" "--remote ... "-no-remote" "-profile" "c:\\Users\\yohanes.nugroho\\AppData\\Local\\robocorp\\temp\\a08ddb5ac55d124b\\rust_mozprofileKdF7rJ"
console.warn: services.settings: Ignoring preference override of remote settings server
console.warn: services.settings: Allow by setting MOZ_REMOTE_SETTINGS_DEVTOOLS=1 in the environment
1701249757222	Marionette	INFO	Marionette enabled
Dynamically enable window occlusion 0
1701249757307	Marionette	INFO	Listening on port 62974
WebDriver BiDi listening on ws://127.0.0.1:62966
Read port: 62974
1701249757507	RemoteAgent	WARN	TLS certificate errors will be ignored for this session
DevTools listening on ws://127.0.0.1:62966/devtools/browser/f2fea889-578a-472e-9a50-e343c26778e2
Extension error: TypeError: items is null moz-extension://745d99d2-e691-4351-8acc-62bcec484e5d/background.js 361
[[Exception stack
a@moz-extension://745d99d2-e691-4351-8acc-62bcec484e5d/background.js:361:54
Current stack
applySafeWithoutClone@resource://gre/modules/ExtensionCommon.sys.mjs:698:41
fire@resource://gre/modules/ExtensionChild.sys.mjs:819:37
recvRunListener@resource://gre/modules/ExtensionChild.sys.mjs:823:13
_recv@resource://gre/modules/ConduitsChild.sys.mjs:77:20
receiveMessage@resource://gre/modules/ConduitsChild.sys.mjs:189:20
run@resource://gre/modules/ConduitsChild.sys.mjs:180:30
receiveMessage/<@resource://gre/modules/ConduitsChild.sys.mjs:181:46
receiveMessage@resource://gre/modules/ConduitsChild.sys.mjs:181:31
]]
Extension error: TypeError: items is null moz-extension://745d99d2-e691-4351-8acc-62bcec484e5d/background.js 361
[[Exception stack
a@moz-extension://745d99d2-e691-4351-8acc-62bcec484e5d/background.js:361:54
Current stack
applySafeWithoutClone@resource://gre/modules/ExtensionCommon.sys.mjs:698:41
fire@resource://gre/modules/ExtensionChild.sys.mjs:819:37
recvRunListener@resource://gre/modules/ExtensionChild.sys.mjs:823:13
_recv@resource://gre/modules/ConduitsChild.sys.mjs:77:20
receiveMessage@resource://gre/modules/ConduitsChild.sys.mjs:189:20
run@resource://gre/modules/ConduitsChild.sys.mjs:180:30
receiveMessage/<@resource://gre/modules/ConduitsChild.sys.mjs:181:46
receiveMessage@resource://gre/modules/ConduitsChild.sys.mjs:181:31
]]
Extension error: TypeError: items is null moz-extension://745d99d2-e691-4351-8acc-62bcec484e5d/background.js 869
[[Exception stack
G_cp_qd@moz-extension://745d99d2-e691-4351-8acc-62bcec484e5d/background.js:869:260
G_cp_Lc/<@moz-extension://745d99d2-e691-4351-8acc-62bcec484e5d/background.js:363:296
Current stack
applySafeWithoutClone@resource://gre/modules/ExtensionCommon.sys.mjs:698:41
fire@resource://gre/modules/ExtensionChild.sys.mjs:819:37
recvRunListener@resource://gre/modules/ExtensionChild.sys.mjs:823:13
_recv@resource://gre/modules/ConduitsChild.sys.mjs:77:20
receiveMessage@resource://gre/modules/ConduitsChild.sys.mjs:189:20
run@resource://gre/modules/ConduitsChild.sys.mjs:180:30
receiveMessage/<@resource://gre/modules/ConduitsChild.sys.mjs:181:46
receiveMessage@resource://gre/modules/ConduitsChild.sys.mjs:181:31
]]
Extension error: TypeError: items is null moz-extension://745d99d2-e691-4351-8acc-62bcec484e5d/background.js 869
[[Exception stack
G_cp_qd@moz-extension://745d99d2-e691-4351-8acc-62bcec484e5d/background.js:869:260
G_cp_Lc/<@moz-extension://745d99d2-e691-4351-8acc-62bcec484e5d/background.js:363:296
Current stack
applySafeWithoutClone@resource://gre/modules/ExtensionCommon.sys.mjs:698:41
fire@resource://gre/modules/ExtensionChild.sys.mjs:819:37
recvRunListener@resource://gre/modules/ExtensionChild.sys.mjs:823:13
_recv@resource://gre/modules/ConduitsChild.sys.mjs:77:20
receiveMessage@resource://gre/modules/ConduitsChild.sys.mjs:189:20
run@resource://gre/modules/ConduitsChild.sys.mjs:180:30
receiveMessage/<@resource://gre/modules/ConduitsChild.sys.mjs:181:46
receiveMessage@resource://gre/modules/ConduitsChild.sys.mjs:181:31
]]
Extension error: TypeError: items is null moz-extension://745d99d2-e691-4351-8acc-62bcec484e5d/background.js 361
[[Exception stack
a@moz-extension://745d99d2-e691-4351-8acc-62bcec484e5d/background.js:361:54
Current stack
applySafeWithoutClone@resource://gre/modules/ExtensionCommon.sys.mjs:698:41
fire@resource://gre/modules/ExtensionChild.sys.mjs:819:37
recvRunListener@resource://gre/modules/ExtensionChild.sys.mjs:823:13
_recv@resource://gre/modules/ConduitsChild.sys.mjs:77:20
receiveMessage@resource://gre/modules/ConduitsChild.sys.mjs:189:20
run@resource://gre/modules/ConduitsChild.sys.mjs:180:30
receiveMessage/<@resource://gre/modules/ConduitsChild.sys.mjs:181:46
receiveMessage@resource://gre/modules/ConduitsChild.sys.mjs:181:31
]]
Extension error: TypeError: items is null moz-extension://745d99d2-e691-4351-8acc-62bcec484e5d/background.js 869
[[Exception stack
G_cp_qd@moz-extension://745d99d2-e691-4351-8acc-62bcec484e5d/background.js:869:260
G_cp_Lc/<@moz-extension://745d99d2-e691-4351-8acc-62bcec484e5d/background.js:363:296
Current stack
applySafeWithoutClone@resource://gre/modules/ExtensionCommon.sys.mjs:698:41
fire@resource://gre/modules/ExtensionChild.sys.mjs:819:37
recvRunListener@resource://gre/modules/ExtensionChild.sys.mjs:823:13
_recv@resource://gre/modules/ConduitsChild.sys.mjs:77:20
receiveMessage@resource://gre/modules/ConduitsChild.sys.mjs:189:20
run@resource://gre/modules/ConduitsChild.sys.mjs:180:30
receiveMessage/<@resource://gre/modules/ConduitsChild.sys.mjs:181:46
receiveMessage@resource://gre/modules/ConduitsChild.sys.mjs:181:31
]]
Extension error: TypeError: items is null moz-extension://745d99d2-e691-4351-8acc-62bcec484e5d/background.js 361
[[Exception stack
a@moz-extension://745d99d2-e691-4351-8acc-62bcec484e5d/background.js:361:54
Current stack
applySafeWithoutClone@resource://gre/modules/ExtensionCommon.sys.mjs:698:41
fire@resource://gre/modules/ExtensionChild.sys.mjs:819:37
recvRunListener@resource://gre/modules/ExtensionChild.sys.mjs:823:13
_recv@resource://gre/modules/ConduitsChild.sys.mjs:77:20
receiveMessage@resource://gre/modules/ConduitsChild.sys.mjs:189:20
run@resource://gre/modules/ConduitsChild.sys.mjs:180:30
receiveMessage/<@resource://gre/modules/ConduitsChild.sys.mjs:181:46
receiveMessage@resource://gre/modules/ConduitsChild.sys.mjs:181:31
]]
Extension error: TypeError: items is null moz-extension://745d99d2-e691-4351-8acc-62bcec484e5d/background.js 869
[[Exception stack
G_cp_qd@moz-extension://745d99d2-e691-4351-8acc-62bcec484e5d/background.js:869:260
G_cp_Lc/<@moz-extension://745d99d2-e691-4351-8acc-62bcec484e5d/background.js:363:296
Current stack
applySafeWithoutClone@resource://gre/modules/ExtensionCommon.sys.mjs:698:41
fire@resource://gre/modules/ExtensionChild.sys.mjs:819:37
recvRunListener@resource://gre/modules/ExtensionChild.sys.mjs:823:13
_recv@resource://gre/modules/ConduitsChild.sys.mjs:77:20
receiveMessage@resource://gre/modules/ConduitsChild.sys.mjs:189:20
run@resource://gre/modules/ConduitsChild.sys.mjs:180:30
receiveMessage/<@resource://gre/modules/ConduitsChild.sys.mjs:181:46
receiveMessage@resource://gre/modules/ConduitsChild.sys.mjs:181:31
]]
JavaScript error: moz-extension://745d99d2-e691-4351-8acc-62bcec484e5d/background.js, line 753: TypeError: items is null
Extension error: TypeError: items is null moz-extension://745d99d2-e691-4351-8acc-62bcec484e5d/background.js 365
[[Exception stack
G_cp_Lc/<@moz-extension://745d99d2-e691-4351-8acc-62bcec484e5d/background.js:365:59
Current stack
applySafeWithoutClone@resource://gre/modules/ExtensionCommon.sys.mjs:698:41
fire@resource://gre/modules/ExtensionChild.sys.mjs:819:37
recvRunListener@resource://gre/modules/ExtensionChild.sys.mjs:823:13
_recv@resource://gre/modules/ConduitsChild.sys.mjs:77:20
receiveMessage@resource://gre/modules/ConduitsChild.sys.mjs:189:20
]]
1701249764023	Marionette	INFO	Stopped listening on port 62974
JavaScript warning: moz-extension://745d99d2-e691-4351-8acc-62bcec484e5d/background.js, line 119: Script terminated by timeout at:
f@moz-extension://745d99d2-e691-4351-8acc-62bcec484e5d/background.js:119:315
d@moz-extension://745d99d2-e691-4351-8acc-62bcec484e5d/background.js:118:363
a.Wk/</<@moz-extension://745d99d2-e691-4351-8acc-62bcec484e5d/background.js:109:307

JavaScript error: resource://gre/modules/ConduitsChild.sys.mjs, line 108: Error: sendRemoveListener on closed conduit sba4b_firefox_quantum@checkpoint.com.137438953825
Dynamically enable window occlusion 1
