1701327548014	geckodriver	INFO	Listening on 127.0.0.1:62718
1701327550984	mozrunner::runner	INFO	Running command: "C:\\Program Files\\Mozilla Firefox\\firefox.exe" "--marionette" "--remote-debugging-port" "62719" "--remote ... "-no-remote" "-profile" "c:\\Users\\yohanes.nugroho\\AppData\\Local\\robocorp\\temp\\3392c7ba91f4f5c2\\rust_mozprofile192pms"
console.warn: services.settings: Ignoring preference override of remote settings server
console.warn: services.settings: Allow by setting MOZ_REMOTE_SETTINGS_DEVTOOLS=1 in the environment
1701327551439	Marionette	INFO	Marionette enabled
Dynamically enable window occlusion 0
1701327551518	Marionette	INFO	Listening on port 62732
WebDriver BiDi listening on ws://127.0.0.1:62719
Read port: 62732
1701327551725	RemoteAgent	WARN	TLS certificate errors will be ignored for this session
DevTools listening on ws://127.0.0.1:62719/devtools/browser/419d7004-524e-42ab-a9b4-8c49b08c115b
Extension error: TypeError: items is null moz-extension://4df9898a-9207-4d04-bacb-a51d07d339ef/background.js 361
[[Exception stack
a@moz-extension://4df9898a-9207-4d04-bacb-a51d07d339ef/background.js:361:54
Current stack
applySafeWithoutClone@resource://gre/modules/ExtensionCommon.sys.mjs:698:41
fire@resource://gre/modules/ExtensionChild.sys.mjs:819:37
recvRunListener@resource://gre/modules/ExtensionChild.sys.mjs:823:13
_recv@resource://gre/modules/ConduitsChild.sys.mjs:77:20
receiveMessage@resource://gre/modules/ConduitsChild.sys.mjs:189:20
run@resource://gre/modules/ConduitsChild.sys.mjs:180:30
receiveMessage/<@resource://gre/modules/ConduitsChild.sys.mjs:181:46
receiveMessage@resource://gre/modules/ConduitsChild.sys.mjs:181:31
]]
Extension error: TypeError: items is null moz-extension://4df9898a-9207-4d04-bacb-a51d07d339ef/background.js 869
[[Exception stack
G_cp_qd@moz-extension://4df9898a-9207-4d04-bacb-a51d07d339ef/background.js:869:260
G_cp_Lc/<@moz-extension://4df9898a-9207-4d04-bacb-a51d07d339ef/background.js:363:296
Current stack
applySafeWithoutClone@resource://gre/modules/ExtensionCommon.sys.mjs:698:41
fire@resource://gre/modules/ExtensionChild.sys.mjs:819:37
recvRunListener@resource://gre/modules/ExtensionChild.sys.mjs:823:13
_recv@resource://gre/modules/ConduitsChild.sys.mjs:77:20
receiveMessage@resource://gre/modules/ConduitsChild.sys.mjs:189:20
run@resource://gre/modules/ConduitsChild.sys.mjs:180:30
receiveMessage/<@resource://gre/modules/ConduitsChild.sys.mjs:181:46
receiveMessage@resource://gre/modules/ConduitsChild.sys.mjs:181:31
]]
Extension error: TypeError: items is null moz-extension://4df9898a-9207-4d04-bacb-a51d07d339ef/background.js 361
[[Exception stack
a@moz-extension://4df9898a-9207-4d04-bacb-a51d07d339ef/background.js:361:54
Current stack
applySafeWithoutClone@resource://gre/modules/ExtensionCommon.sys.mjs:698:41
fire@resource://gre/modules/ExtensionChild.sys.mjs:819:37
recvRunListener@resource://gre/modules/ExtensionChild.sys.mjs:823:13
_recv@resource://gre/modules/ConduitsChild.sys.mjs:77:20
receiveMessage@resource://gre/modules/ConduitsChild.sys.mjs:189:20
run@resource://gre/modules/ConduitsChild.sys.mjs:180:30
receiveMessage/<@resource://gre/modules/ConduitsChild.sys.mjs:181:46
receiveMessage@resource://gre/modules/ConduitsChild.sys.mjs:181:31
]]
Extension error: TypeError: items is null moz-extension://4df9898a-9207-4d04-bacb-a51d07d339ef/background.js 869
[[Exception stack
G_cp_qd@moz-extension://4df9898a-9207-4d04-bacb-a51d07d339ef/background.js:869:260
G_cp_Lc/<@moz-extension://4df9898a-9207-4d04-bacb-a51d07d339ef/background.js:363:296
Current stack
applySafeWithoutClone@resource://gre/modules/ExtensionCommon.sys.mjs:698:41
fire@resource://gre/modules/ExtensionChild.sys.mjs:819:37
recvRunListener@resource://gre/modules/ExtensionChild.sys.mjs:823:13
_recv@resource://gre/modules/ConduitsChild.sys.mjs:77:20
receiveMessage@resource://gre/modules/ConduitsChild.sys.mjs:189:20
run@resource://gre/modules/ConduitsChild.sys.mjs:180:30
receiveMessage/<@resource://gre/modules/ConduitsChild.sys.mjs:181:46
receiveMessage@resource://gre/modules/ConduitsChild.sys.mjs:181:31
]]
Extension error: TypeError: items is null moz-extension://4df9898a-9207-4d04-bacb-a51d07d339ef/background.js 365
[[Exception stack
G_cp_Lc/<@moz-extension://4df9898a-9207-4d04-bacb-a51d07d339ef/background.js:365:59
Current stack
applySafeWithoutClone@resource://gre/modules/ExtensionCommon.sys.mjs:698:41
fire@resource://gre/modules/ExtensionChild.sys.mjs:819:37
recvRunListener@resource://gre/modules/ExtensionChild.sys.mjs:823:13
_recv@resource://gre/modules/ConduitsChild.sys.mjs:77:20
receiveMessage@resource://gre/modules/ConduitsChild.sys.mjs:189:20
]]
Extension error: TypeError: items is null moz-extension://4df9898a-9207-4d04-bacb-a51d07d339ef/background.js 361
[[Exception stack
a@moz-extension://4df9898a-9207-4d04-bacb-a51d07d339ef/background.js:361:54
Current stack
applySafeWithoutClone@resource://gre/modules/ExtensionCommon.sys.mjs:698:41
fire@resource://gre/modules/ExtensionChild.sys.mjs:819:37
recvRunListener@resource://gre/modules/ExtensionChild.sys.mjs:823:13
_recv@resource://gre/modules/ConduitsChild.sys.mjs:77:20
receiveMessage@resource://gre/modules/ConduitsChild.sys.mjs:189:20
run@resource://gre/modules/ConduitsChild.sys.mjs:180:30
receiveMessage/<@resource://gre/modules/ConduitsChild.sys.mjs:181:46
receiveMessage@resource://gre/modules/ConduitsChild.sys.mjs:181:31
]]
Extension error: TypeError: items is null moz-extension://4df9898a-9207-4d04-bacb-a51d07d339ef/background.js 361
[[Exception stack
a@moz-extension://4df9898a-9207-4d04-bacb-a51d07d339ef/background.js:361:54
Current stack
applySafeWithoutClone@resource://gre/modules/ExtensionCommon.sys.mjs:698:41
fire@resource://gre/modules/ExtensionChild.sys.mjs:819:37
recvRunListener@resource://gre/modules/ExtensionChild.sys.mjs:823:13
_recv@resource://gre/modules/ConduitsChild.sys.mjs:77:20
receiveMessage@resource://gre/modules/ConduitsChild.sys.mjs:189:20
run@resource://gre/modules/ConduitsChild.sys.mjs:180:30
receiveMessage/<@resource://gre/modules/ConduitsChild.sys.mjs:181:46
receiveMessage@resource://gre/modules/ConduitsChild.sys.mjs:181:31
]]
Extension error: TypeError: items is null moz-extension://4df9898a-9207-4d04-bacb-a51d07d339ef/background.js 869
[[Exception stack
G_cp_qd@moz-extension://4df9898a-9207-4d04-bacb-a51d07d339ef/background.js:869:260
G_cp_Lc/<@moz-extension://4df9898a-9207-4d04-bacb-a51d07d339ef/background.js:363:296
Current stack
applySafeWithoutClone@resource://gre/modules/ExtensionCommon.sys.mjs:698:41
fire@resource://gre/modules/ExtensionChild.sys.mjs:819:37
recvRunListener@resource://gre/modules/ExtensionChild.sys.mjs:823:13
_recv@resource://gre/modules/ConduitsChild.sys.mjs:77:20
receiveMessage@resource://gre/modules/ConduitsChild.sys.mjs:189:20
run@resource://gre/modules/ConduitsChild.sys.mjs:180:30
receiveMessage/<@resource://gre/modules/ConduitsChild.sys.mjs:181:46
receiveMessage@resource://gre/modules/ConduitsChild.sys.mjs:181:31
]]
Extension error: TypeError: items is null moz-extension://4df9898a-9207-4d04-bacb-a51d07d339ef/background.js 869
[[Exception stack
G_cp_qd@moz-extension://4df9898a-9207-4d04-bacb-a51d07d339ef/background.js:869:260
G_cp_Lc/<@moz-extension://4df9898a-9207-4d04-bacb-a51d07d339ef/background.js:363:296
Current stack
applySafeWithoutClone@resource://gre/modules/ExtensionCommon.sys.mjs:698:41
fire@resource://gre/modules/ExtensionChild.sys.mjs:819:37
recvRunListener@resource://gre/modules/ExtensionChild.sys.mjs:823:13
_recv@resource://gre/modules/ConduitsChild.sys.mjs:77:20
receiveMessage@resource://gre/modules/ConduitsChild.sys.mjs:189:20
run@resource://gre/modules/ConduitsChild.sys.mjs:180:30
receiveMessage/<@resource://gre/modules/ConduitsChild.sys.mjs:181:46
receiveMessage@resource://gre/modules/ConduitsChild.sys.mjs:181:31
]]
JavaScript error: moz-extension://4df9898a-9207-4d04-bacb-a51d07d339ef/background.js, line 753: TypeError: items is null
JavaScript error: moz-extension://4df9898a-9207-4d04-bacb-a51d07d339ef/background.js, line 623: AbortError: AbortError
JavaScript error: moz-extension://4df9898a-9207-4d04-bacb-a51d07d339ef/background.js, line 623: AbortError: AbortError
1701327568854	Marionette	INFO	Stopped listening on port 62732
JavaScript error: resource://gre/modules/ConduitsChild.sys.mjs, line 108: Error: sendRemoveListener on closed conduit sba4b_firefox_quantum@checkpoint.com.137438953823
Dynamically enable window occlusion 1
