1701318907684	geckodriver	INFO	Listening on 127.0.0.1:58756
1701318910622	mozrunner::runner	INFO	Running command: "C:\\Program Files\\Mozilla Firefox\\firefox.exe" "--marionette" "--remote-debugging-port" "58757" "--remote ... "-no-remote" "-profile" "c:\\Users\\yohanes.nugroho\\AppData\\Local\\robocorp\\temp\\7db36948d75934bb\\rust_mozprofileslQ2ue"
console.warn: services.settings: Ignoring preference override of remote settings server
console.warn: services.settings: Allow by setting MOZ_REMOTE_SETTINGS_DEVTOOLS=1 in the environment
1701318911058	Marionette	INFO	Marionette enabled
Dynamically enable window occlusion 0
1701318911137	Marionette	INFO	Listening on port 58768
WebDriver BiDi listening on ws://127.0.0.1:58757
Read port: 58768
1701318911369	RemoteAgent	WARN	TLS certificate errors will be ignored for this session
DevTools listening on ws://127.0.0.1:58757/devtools/browser/a187f958-f1b9-4350-90d8-7d8df17a6417
JavaScript error: moz-extension://40777779-ef6d-43ef-b64e-06f35ddae689/background.js, line 95: TypeError: items.supported_file_override_actions_upload_protection is undefined
Extension error: TypeError: items is null moz-extension://40777779-ef6d-43ef-b64e-06f35ddae689/background.js 361
[[Exception stack
a@moz-extension://40777779-ef6d-43ef-b64e-06f35ddae689/background.js:361:54
Current stack
applySafeWithoutClone@resource://gre/modules/ExtensionCommon.sys.mjs:698:41
fire@resource://gre/modules/ExtensionChild.sys.mjs:819:37
recvRunListener@resource://gre/modules/ExtensionChild.sys.mjs:823:13
_recv@resource://gre/modules/ConduitsChild.sys.mjs:77:20
receiveMessage@resource://gre/modules/ConduitsChild.sys.mjs:189:20
run@resource://gre/modules/ConduitsChild.sys.mjs:180:30
receiveMessage/<@resource://gre/modules/ConduitsChild.sys.mjs:181:46
receiveMessage@resource://gre/modules/ConduitsChild.sys.mjs:181:31
]]
Extension error: TypeError: items is null moz-extension://40777779-ef6d-43ef-b64e-06f35ddae689/background.js 361
[[Exception stack
a@moz-extension://40777779-ef6d-43ef-b64e-06f35ddae689/background.js:361:54
Current stack
applySafeWithoutClone@resource://gre/modules/ExtensionCommon.sys.mjs:698:41
fire@resource://gre/modules/ExtensionChild.sys.mjs:819:37
recvRunListener@resource://gre/modules/ExtensionChild.sys.mjs:823:13
_recv@resource://gre/modules/ConduitsChild.sys.mjs:77:20
receiveMessage@resource://gre/modules/ConduitsChild.sys.mjs:189:20
run@resource://gre/modules/ConduitsChild.sys.mjs:180:30
receiveMessage/<@resource://gre/modules/ConduitsChild.sys.mjs:181:46
receiveMessage@resource://gre/modules/ConduitsChild.sys.mjs:181:31
]]
Extension error: TypeError: items is null moz-extension://40777779-ef6d-43ef-b64e-06f35ddae689/background.js 869
[[Exception stack
G_cp_qd@moz-extension://40777779-ef6d-43ef-b64e-06f35ddae689/background.js:869:260
G_cp_Lc/<@moz-extension://40777779-ef6d-43ef-b64e-06f35ddae689/background.js:363:296
Current stack
applySafeWithoutClone@resource://gre/modules/ExtensionCommon.sys.mjs:698:41
fire@resource://gre/modules/ExtensionChild.sys.mjs:819:37
recvRunListener@resource://gre/modules/ExtensionChild.sys.mjs:823:13
_recv@resource://gre/modules/ConduitsChild.sys.mjs:77:20
receiveMessage@resource://gre/modules/ConduitsChild.sys.mjs:189:20
run@resource://gre/modules/ConduitsChild.sys.mjs:180:30
receiveMessage/<@resource://gre/modules/ConduitsChild.sys.mjs:181:46
receiveMessage@resource://gre/modules/ConduitsChild.sys.mjs:181:31
]]
Extension error: TypeError: items is null moz-extension://40777779-ef6d-43ef-b64e-06f35ddae689/background.js 869
[[Exception stack
G_cp_qd@moz-extension://40777779-ef6d-43ef-b64e-06f35ddae689/background.js:869:260
G_cp_Lc/<@moz-extension://40777779-ef6d-43ef-b64e-06f35ddae689/background.js:363:296
Current stack
applySafeWithoutClone@resource://gre/modules/ExtensionCommon.sys.mjs:698:41
fire@resource://gre/modules/ExtensionChild.sys.mjs:819:37
recvRunListener@resource://gre/modules/ExtensionChild.sys.mjs:823:13
_recv@resource://gre/modules/ConduitsChild.sys.mjs:77:20
receiveMessage@resource://gre/modules/ConduitsChild.sys.mjs:189:20
run@resource://gre/modules/ConduitsChild.sys.mjs:180:30
receiveMessage/<@resource://gre/modules/ConduitsChild.sys.mjs:181:46
receiveMessage@resource://gre/modules/ConduitsChild.sys.mjs:181:31
]]
Extension error: TypeError: items is null moz-extension://40777779-ef6d-43ef-b64e-06f35ddae689/background.js 361
[[Exception stack
a@moz-extension://40777779-ef6d-43ef-b64e-06f35ddae689/background.js:361:54
Current stack
applySafeWithoutClone@resource://gre/modules/ExtensionCommon.sys.mjs:698:41
fire@resource://gre/modules/ExtensionChild.sys.mjs:819:37
recvRunListener@resource://gre/modules/ExtensionChild.sys.mjs:823:13
_recv@resource://gre/modules/ConduitsChild.sys.mjs:77:20
receiveMessage@resource://gre/modules/ConduitsChild.sys.mjs:189:20
run@resource://gre/modules/ConduitsChild.sys.mjs:180:30
receiveMessage/<@resource://gre/modules/ConduitsChild.sys.mjs:181:46
receiveMessage@resource://gre/modules/ConduitsChild.sys.mjs:181:31
]]
Extension error: TypeError: items is null moz-extension://40777779-ef6d-43ef-b64e-06f35ddae689/background.js 365
[[Exception stack
G_cp_Lc/<@moz-extension://40777779-ef6d-43ef-b64e-06f35ddae689/background.js:365:59
Current stack
applySafeWithoutClone@resource://gre/modules/ExtensionCommon.sys.mjs:698:41
fire@resource://gre/modules/ExtensionChild.sys.mjs:819:37
recvRunListener@resource://gre/modules/ExtensionChild.sys.mjs:823:13
_recv@resource://gre/modules/ConduitsChild.sys.mjs:77:20
receiveMessage@resource://gre/modules/ConduitsChild.sys.mjs:189:20
]]
Extension error: TypeError: items is null moz-extension://40777779-ef6d-43ef-b64e-06f35ddae689/background.js 361
[[Exception stack
a@moz-extension://40777779-ef6d-43ef-b64e-06f35ddae689/background.js:361:54
Current stack
applySafeWithoutClone@resource://gre/modules/ExtensionCommon.sys.mjs:698:41
fire@resource://gre/modules/ExtensionChild.sys.mjs:819:37
recvRunListener@resource://gre/modules/ExtensionChild.sys.mjs:823:13
_recv@resource://gre/modules/ConduitsChild.sys.mjs:77:20
receiveMessage@resource://gre/modules/ConduitsChild.sys.mjs:189:20
run@resource://gre/modules/ConduitsChild.sys.mjs:180:30
receiveMessage/<@resource://gre/modules/ConduitsChild.sys.mjs:181:46
receiveMessage@resource://gre/modules/ConduitsChild.sys.mjs:181:31
]]
Extension error: TypeError: items is null moz-extension://40777779-ef6d-43ef-b64e-06f35ddae689/background.js 869
[[Exception stack
G_cp_qd@moz-extension://40777779-ef6d-43ef-b64e-06f35ddae689/background.js:869:260
G_cp_Lc/<@moz-extension://40777779-ef6d-43ef-b64e-06f35ddae689/background.js:363:296
Current stack
applySafeWithoutClone@resource://gre/modules/ExtensionCommon.sys.mjs:698:41
fire@resource://gre/modules/ExtensionChild.sys.mjs:819:37
recvRunListener@resource://gre/modules/ExtensionChild.sys.mjs:823:13
_recv@resource://gre/modules/ConduitsChild.sys.mjs:77:20
receiveMessage@resource://gre/modules/ConduitsChild.sys.mjs:189:20
run@resource://gre/modules/ConduitsChild.sys.mjs:180:30
receiveMessage/<@resource://gre/modules/ConduitsChild.sys.mjs:181:46
receiveMessage@resource://gre/modules/ConduitsChild.sys.mjs:181:31
]]
Extension error: TypeError: items is null moz-extension://40777779-ef6d-43ef-b64e-06f35ddae689/background.js 869
[[Exception stack
G_cp_qd@moz-extension://40777779-ef6d-43ef-b64e-06f35ddae689/background.js:869:260
G_cp_Lc/<@moz-extension://40777779-ef6d-43ef-b64e-06f35ddae689/background.js:363:296
Current stack
applySafeWithoutClone@resource://gre/modules/ExtensionCommon.sys.mjs:698:41
fire@resource://gre/modules/ExtensionChild.sys.mjs:819:37
recvRunListener@resource://gre/modules/ExtensionChild.sys.mjs:823:13
_recv@resource://gre/modules/ConduitsChild.sys.mjs:77:20
receiveMessage@resource://gre/modules/ConduitsChild.sys.mjs:189:20
run@resource://gre/modules/ConduitsChild.sys.mjs:180:30
receiveMessage/<@resource://gre/modules/ConduitsChild.sys.mjs:181:46
receiveMessage@resource://gre/modules/ConduitsChild.sys.mjs:181:31
]]
JavaScript error: moz-extension://40777779-ef6d-43ef-b64e-06f35ddae689/background.js, line 623: AbortError: AbortError
1701318923818	Marionette	INFO	Stopped listening on port 58768
JavaScript error: resource://gre/modules/ConduitsChild.sys.mjs, line 108: Error: sendRemoveListener on closed conduit sba4b_firefox_quantum@checkpoint.com.137438953825
Dynamically enable window occlusion 1
