1701329957357	geckodriver	INFO	Listening on 127.0.0.1:49889
1701329960263	mozrunner::runner	INFO	Running command: "C:\\Program Files\\Mozilla Firefox\\firefox.exe" "--marionette" "--remote-debugging-port" "49890" "--remote ... "-no-remote" "-profile" "c:\\Users\\yohanes.nugroho\\AppData\\Local\\robocorp\\temp\\5e84b09c9c88530d\\rust_mozprofileZXgz1o"
console.warn: services.settings: Ignoring preference override of remote settings server
console.warn: services.settings: Allow by setting MOZ_REMOTE_SETTINGS_DEVTOOLS=1 in the environment
1701329960754	Marionette	INFO	Marionette enabled
Dynamically enable window occlusion 0
1701329960848	Marionette	INFO	Listening on port 49913
WebDriver BiDi listening on ws://127.0.0.1:49890
Read port: 49913
1701329961084	RemoteAgent	WARN	TLS certificate errors will be ignored for this session
DevTools listening on ws://127.0.0.1:49890/devtools/browser/2d9a600a-3188-49ed-97b6-0928488df53a
JavaScript error: moz-extension://fa739c78-408f-46f5-8804-b70f2b97e94e/background.js, line 95: TypeError: items.supported_file_override_actions_upload_protection is undefined
Extension error: TypeError: items is null moz-extension://fa739c78-408f-46f5-8804-b70f2b97e94e/background.js 361
[[Exception stack
a@moz-extension://fa739c78-408f-46f5-8804-b70f2b97e94e/background.js:361:54
Current stack
applySafeWithoutClone@resource://gre/modules/ExtensionCommon.sys.mjs:698:41
fire@resource://gre/modules/ExtensionChild.sys.mjs:819:37
recvRunListener@resource://gre/modules/ExtensionChild.sys.mjs:823:13
_recv@resource://gre/modules/ConduitsChild.sys.mjs:77:20
receiveMessage@resource://gre/modules/ConduitsChild.sys.mjs:189:20
run@resource://gre/modules/ConduitsChild.sys.mjs:180:30
receiveMessage/<@resource://gre/modules/ConduitsChild.sys.mjs:181:46
receiveMessage@resource://gre/modules/ConduitsChild.sys.mjs:181:31
]]
Extension error: TypeError: items is null moz-extension://fa739c78-408f-46f5-8804-b70f2b97e94e/background.js 869
[[Exception stack
G_cp_qd@moz-extension://fa739c78-408f-46f5-8804-b70f2b97e94e/background.js:869:260
G_cp_Lc/<@moz-extension://fa739c78-408f-46f5-8804-b70f2b97e94e/background.js:363:296
Current stack
applySafeWithoutClone@resource://gre/modules/ExtensionCommon.sys.mjs:698:41
fire@resource://gre/modules/ExtensionChild.sys.mjs:819:37
recvRunListener@resource://gre/modules/ExtensionChild.sys.mjs:823:13
_recv@resource://gre/modules/ConduitsChild.sys.mjs:77:20
receiveMessage@resource://gre/modules/ConduitsChild.sys.mjs:189:20
run@resource://gre/modules/ConduitsChild.sys.mjs:180:30
receiveMessage/<@resource://gre/modules/ConduitsChild.sys.mjs:181:46
receiveMessage@resource://gre/modules/ConduitsChild.sys.mjs:181:31
]]
Extension error: TypeError: items is null moz-extension://fa739c78-408f-46f5-8804-b70f2b97e94e/background.js 869
[[Exception stack
G_cp_qd@moz-extension://fa739c78-408f-46f5-8804-b70f2b97e94e/background.js:869:260
G_cp_Lc/<@moz-extension://fa739c78-408f-46f5-8804-b70f2b97e94e/background.js:363:296
Current stack
applySafeWithoutClone@resource://gre/modules/ExtensionCommon.sys.mjs:698:41
fire@resource://gre/modules/ExtensionChild.sys.mjs:819:37
recvRunListener@resource://gre/modules/ExtensionChild.sys.mjs:823:13
_recv@resource://gre/modules/ConduitsChild.sys.mjs:77:20
receiveMessage@resource://gre/modules/ConduitsChild.sys.mjs:189:20
run@resource://gre/modules/ConduitsChild.sys.mjs:180:30
receiveMessage/<@resource://gre/modules/ConduitsChild.sys.mjs:181:46
receiveMessage@resource://gre/modules/ConduitsChild.sys.mjs:181:31
]]
JavaScript error: moz-extension://fa739c78-408f-46f5-8804-b70f2b97e94e/background.js, line 632: TypeError: k is undefined
Extension error: TypeError: items is null moz-extension://fa739c78-408f-46f5-8804-b70f2b97e94e/background.js 365
[[Exception stack
G_cp_Lc/<@moz-extension://fa739c78-408f-46f5-8804-b70f2b97e94e/background.js:365:59
Current stack
applySafeWithoutClone@resource://gre/modules/ExtensionCommon.sys.mjs:698:41
fire@resource://gre/modules/ExtensionChild.sys.mjs:819:37
recvRunListener@resource://gre/modules/ExtensionChild.sys.mjs:823:13
_recv@resource://gre/modules/ConduitsChild.sys.mjs:77:20
receiveMessage@resource://gre/modules/ConduitsChild.sys.mjs:189:20
]]
Extension error: TypeError: items is null moz-extension://fa739c78-408f-46f5-8804-b70f2b97e94e/background.js 361
[[Exception stack
a@moz-extension://fa739c78-408f-46f5-8804-b70f2b97e94e/background.js:361:54
Current stack
applySafeWithoutClone@resource://gre/modules/ExtensionCommon.sys.mjs:698:41
fire@resource://gre/modules/ExtensionChild.sys.mjs:819:37
recvRunListener@resource://gre/modules/ExtensionChild.sys.mjs:823:13
_recv@resource://gre/modules/ConduitsChild.sys.mjs:77:20
receiveMessage@resource://gre/modules/ConduitsChild.sys.mjs:189:20
run@resource://gre/modules/ConduitsChild.sys.mjs:180:30
receiveMessage/<@resource://gre/modules/ConduitsChild.sys.mjs:181:46
receiveMessage@resource://gre/modules/ConduitsChild.sys.mjs:181:31
]]
Extension error: TypeError: items is null moz-extension://fa739c78-408f-46f5-8804-b70f2b97e94e/background.js 361
[[Exception stack
a@moz-extension://fa739c78-408f-46f5-8804-b70f2b97e94e/background.js:361:54
Current stack
applySafeWithoutClone@resource://gre/modules/ExtensionCommon.sys.mjs:698:41
fire@resource://gre/modules/ExtensionChild.sys.mjs:819:37
recvRunListener@resource://gre/modules/ExtensionChild.sys.mjs:823:13
_recv@resource://gre/modules/ConduitsChild.sys.mjs:77:20
receiveMessage@resource://gre/modules/ConduitsChild.sys.mjs:189:20
run@resource://gre/modules/ConduitsChild.sys.mjs:180:30
receiveMessage/<@resource://gre/modules/ConduitsChild.sys.mjs:181:46
receiveMessage@resource://gre/modules/ConduitsChild.sys.mjs:181:31
]]
Extension error: TypeError: items is null moz-extension://fa739c78-408f-46f5-8804-b70f2b97e94e/background.js 869
[[Exception stack
G_cp_qd@moz-extension://fa739c78-408f-46f5-8804-b70f2b97e94e/background.js:869:260
G_cp_Lc/<@moz-extension://fa739c78-408f-46f5-8804-b70f2b97e94e/background.js:363:296
Current stack
applySafeWithoutClone@resource://gre/modules/ExtensionCommon.sys.mjs:698:41
fire@resource://gre/modules/ExtensionChild.sys.mjs:819:37
recvRunListener@resource://gre/modules/ExtensionChild.sys.mjs:823:13
_recv@resource://gre/modules/ConduitsChild.sys.mjs:77:20
receiveMessage@resource://gre/modules/ConduitsChild.sys.mjs:189:20
run@resource://gre/modules/ConduitsChild.sys.mjs:180:30
receiveMessage/<@resource://gre/modules/ConduitsChild.sys.mjs:181:46
receiveMessage@resource://gre/modules/ConduitsChild.sys.mjs:181:31
]]
Extension error: TypeError: items is null moz-extension://fa739c78-408f-46f5-8804-b70f2b97e94e/background.js 869
[[Exception stack
G_cp_qd@moz-extension://fa739c78-408f-46f5-8804-b70f2b97e94e/background.js:869:260
G_cp_Lc/<@moz-extension://fa739c78-408f-46f5-8804-b70f2b97e94e/background.js:363:296
Current stack
applySafeWithoutClone@resource://gre/modules/ExtensionCommon.sys.mjs:698:41
fire@resource://gre/modules/ExtensionChild.sys.mjs:819:37
recvRunListener@resource://gre/modules/ExtensionChild.sys.mjs:823:13
_recv@resource://gre/modules/ConduitsChild.sys.mjs:77:20
receiveMessage@resource://gre/modules/ConduitsChild.sys.mjs:189:20
run@resource://gre/modules/ConduitsChild.sys.mjs:180:30
receiveMessage/<@resource://gre/modules/ConduitsChild.sys.mjs:181:46
receiveMessage@resource://gre/modules/ConduitsChild.sys.mjs:181:31
]]
console.warn: LoginRecipes: "Falling back to a synchronous message for: https://robotsparebinindustries.com."
Extension error: TypeError: items is null moz-extension://fa739c78-408f-46f5-8804-b70f2b97e94e/background.js 361
[[Exception stack
a@moz-extension://fa739c78-408f-46f5-8804-b70f2b97e94e/background.js:361:54
Current stack
applySafeWithoutClone@resource://gre/modules/ExtensionCommon.sys.mjs:698:41
fire@resource://gre/modules/ExtensionChild.sys.mjs:819:37
recvRunListener@resource://gre/modules/ExtensionChild.sys.mjs:823:13
_recv@resource://gre/modules/ConduitsChild.sys.mjs:77:20
receiveMessage@resource://gre/modules/ConduitsChild.sys.mjs:189:20
run@resource://gre/modules/ConduitsChild.sys.mjs:180:30
receiveMessage/<@resource://gre/modules/ConduitsChild.sys.mjs:181:46
receiveMessage@resource://gre/modules/ConduitsChild.sys.mjs:181:31
]]
Extension error: TypeError: items is null moz-extension://fa739c78-408f-46f5-8804-b70f2b97e94e/background.js 361
[[Exception stack
a@moz-extension://fa739c78-408f-46f5-8804-b70f2b97e94e/background.js:361:54
Current stack
applySafeWithoutClone@resource://gre/modules/ExtensionCommon.sys.mjs:698:41
fire@resource://gre/modules/ExtensionChild.sys.mjs:819:37
recvRunListener@resource://gre/modules/ExtensionChild.sys.mjs:823:13
_recv@resource://gre/modules/ConduitsChild.sys.mjs:77:20
receiveMessage@resource://gre/modules/ConduitsChild.sys.mjs:189:20
run@resource://gre/modules/ConduitsChild.sys.mjs:180:30
receiveMessage/<@resource://gre/modules/ConduitsChild.sys.mjs:181:46
receiveMessage@resource://gre/modules/ConduitsChild.sys.mjs:181:31
]]
Extension error: TypeError: items is null moz-extension://fa739c78-408f-46f5-8804-b70f2b97e94e/background.js 869
[[Exception stack
G_cp_qd@moz-extension://fa739c78-408f-46f5-8804-b70f2b97e94e/background.js:869:260
G_cp_Lc/<@moz-extension://fa739c78-408f-46f5-8804-b70f2b97e94e/background.js:363:296
Current stack
applySafeWithoutClone@resource://gre/modules/ExtensionCommon.sys.mjs:698:41
fire@resource://gre/modules/ExtensionChild.sys.mjs:819:37
recvRunListener@resource://gre/modules/ExtensionChild.sys.mjs:823:13
_recv@resource://gre/modules/ConduitsChild.sys.mjs:77:20
receiveMessage@resource://gre/modules/ConduitsChild.sys.mjs:189:20
run@resource://gre/modules/ConduitsChild.sys.mjs:180:30
receiveMessage/<@resource://gre/modules/ConduitsChild.sys.mjs:181:46
receiveMessage@resource://gre/modules/ConduitsChild.sys.mjs:181:31
]]
Extension error: TypeError: items is null moz-extension://fa739c78-408f-46f5-8804-b70f2b97e94e/background.js 361
[[Exception stack
a@moz-extension://fa739c78-408f-46f5-8804-b70f2b97e94e/background.js:361:54
Current stack
applySafeWithoutClone@resource://gre/modules/ExtensionCommon.sys.mjs:698:41
fire@resource://gre/modules/ExtensionChild.sys.mjs:819:37
recvRunListener@resource://gre/modules/ExtensionChild.sys.mjs:823:13
_recv@resource://gre/modules/ConduitsChild.sys.mjs:77:20
receiveMessage@resource://gre/modules/ConduitsChild.sys.mjs:189:20
run@resource://gre/modules/ConduitsChild.sys.mjs:180:30
receiveMessage/<@resource://gre/modules/ConduitsChild.sys.mjs:181:46
receiveMessage@resource://gre/modules/ConduitsChild.sys.mjs:181:31
]]
Extension error: TypeError: items is null moz-extension://fa739c78-408f-46f5-8804-b70f2b97e94e/background.js 869
[[Exception stack
G_cp_qd@moz-extension://fa739c78-408f-46f5-8804-b70f2b97e94e/background.js:869:260
G_cp_Lc/<@moz-extension://fa739c78-408f-46f5-8804-b70f2b97e94e/background.js:363:296
Current stack
applySafeWithoutClone@resource://gre/modules/ExtensionCommon.sys.mjs:698:41
fire@resource://gre/modules/ExtensionChild.sys.mjs:819:37
recvRunListener@resource://gre/modules/ExtensionChild.sys.mjs:823:13
_recv@resource://gre/modules/ConduitsChild.sys.mjs:77:20
receiveMessage@resource://gre/modules/ConduitsChild.sys.mjs:189:20
run@resource://gre/modules/ConduitsChild.sys.mjs:180:30
receiveMessage/<@resource://gre/modules/ConduitsChild.sys.mjs:181:46
receiveMessage@resource://gre/modules/ConduitsChild.sys.mjs:181:31
]]
Extension error: TypeError: items is null moz-extension://fa739c78-408f-46f5-8804-b70f2b97e94e/background.js 869
[[Exception stack
G_cp_qd@moz-extension://fa739c78-408f-46f5-8804-b70f2b97e94e/background.js:869:260
G_cp_Lc/<@moz-extension://fa739c78-408f-46f5-8804-b70f2b97e94e/background.js:363:296
Current stack
applySafeWithoutClone@resource://gre/modules/ExtensionCommon.sys.mjs:698:41
fire@resource://gre/modules/ExtensionChild.sys.mjs:819:37
recvRunListener@resource://gre/modules/ExtensionChild.sys.mjs:823:13
_recv@resource://gre/modules/ConduitsChild.sys.mjs:77:20
receiveMessage@resource://gre/modules/ConduitsChild.sys.mjs:189:20
run@resource://gre/modules/ConduitsChild.sys.mjs:180:30
receiveMessage/<@resource://gre/modules/ConduitsChild.sys.mjs:181:46
receiveMessage@resource://gre/modules/ConduitsChild.sys.mjs:181:31
]]
1701329974096	Marionette	INFO	Stopped listening on port 49913
JavaScript warning: https://robotsparebinindustries.com/static/js/main.a5c0095d.js, line 2: Script terminated by timeout at:
Qt@https://robotsparebinindustries.com/static/js/main.a5c0095d.js:2:22933

JavaScript error: resource://gre/modules/ConduitsChild.sys.mjs, line 108: Error: sendRemoveListener on closed conduit sba4b_firefox_quantum@checkpoint.com.137438953825
Dynamically enable window occlusion 1
