1701327780495	geckodriver	INFO	Listening on 127.0.0.1:63025
1701327783488	mozrunner::runner	INFO	Running command: "C:\\Program Files\\Mozilla Firefox\\firefox.exe" "--marionette" "--remote-debugging-port" "63026" "--remote ... "-no-remote" "-profile" "c:\\Users\\yohanes.nugroho\\AppData\\Local\\robocorp\\temp\\641f8fda5f3e6b9c\\rust_mozprofileXaXa6l"
console.warn: services.settings: Ignoring preference override of remote settings server
console.warn: services.settings: Allow by setting MOZ_REMOTE_SETTINGS_DEVTOOLS=1 in the environment
1701327783944	Marionette	INFO	Marionette enabled
Dynamically enable window occlusion 0
1701327784022	Marionette	INFO	Listening on port 63033
WebDriver BiDi listening on ws://127.0.0.1:63026
Read port: 63033
1701327784250	RemoteAgent	WARN	TLS certificate errors will be ignored for this session
DevTools listening on ws://127.0.0.1:63026/devtools/browser/ea79c2c9-0a33-4371-884c-35dee2509e51
JavaScript error: moz-extension://3b541b10-998d-4f52-800e-ecc9a3b899e9/background.js, line 623: AbortError: AbortError
Extension error: TypeError: items is null moz-extension://3b541b10-998d-4f52-800e-ecc9a3b899e9/background.js 361
[[Exception stack
a@moz-extension://3b541b10-998d-4f52-800e-ecc9a3b899e9/background.js:361:54
Current stack
applySafeWithoutClone@resource://gre/modules/ExtensionCommon.sys.mjs:698:41
fire@resource://gre/modules/ExtensionChild.sys.mjs:819:37
recvRunListener@resource://gre/modules/ExtensionChild.sys.mjs:823:13
_recv@resource://gre/modules/ConduitsChild.sys.mjs:77:20
receiveMessage@resource://gre/modules/ConduitsChild.sys.mjs:189:20
run@resource://gre/modules/ConduitsChild.sys.mjs:180:30
receiveMessage/<@resource://gre/modules/ConduitsChild.sys.mjs:181:46
receiveMessage@resource://gre/modules/ConduitsChild.sys.mjs:181:31
]]
Extension error: TypeError: items is null moz-extension://3b541b10-998d-4f52-800e-ecc9a3b899e9/background.js 361
[[Exception stack
a@moz-extension://3b541b10-998d-4f52-800e-ecc9a3b899e9/background.js:361:54
Current stack
applySafeWithoutClone@resource://gre/modules/ExtensionCommon.sys.mjs:698:41
fire@resource://gre/modules/ExtensionChild.sys.mjs:819:37
recvRunListener@resource://gre/modules/ExtensionChild.sys.mjs:823:13
_recv@resource://gre/modules/ConduitsChild.sys.mjs:77:20
receiveMessage@resource://gre/modules/ConduitsChild.sys.mjs:189:20
run@resource://gre/modules/ConduitsChild.sys.mjs:180:30
receiveMessage/<@resource://gre/modules/ConduitsChild.sys.mjs:181:46
receiveMessage@resource://gre/modules/ConduitsChild.sys.mjs:181:31
]]
Extension error: TypeError: items is null moz-extension://3b541b10-998d-4f52-800e-ecc9a3b899e9/background.js 869
[[Exception stack
G_cp_qd@moz-extension://3b541b10-998d-4f52-800e-ecc9a3b899e9/background.js:869:260
G_cp_Lc/<@moz-extension://3b541b10-998d-4f52-800e-ecc9a3b899e9/background.js:363:296
Current stack
applySafeWithoutClone@resource://gre/modules/ExtensionCommon.sys.mjs:698:41
fire@resource://gre/modules/ExtensionChild.sys.mjs:819:37
recvRunListener@resource://gre/modules/ExtensionChild.sys.mjs:823:13
_recv@resource://gre/modules/ConduitsChild.sys.mjs:77:20
receiveMessage@resource://gre/modules/ConduitsChild.sys.mjs:189:20
run@resource://gre/modules/ConduitsChild.sys.mjs:180:30
receiveMessage/<@resource://gre/modules/ConduitsChild.sys.mjs:181:46
receiveMessage@resource://gre/modules/ConduitsChild.sys.mjs:181:31
]]
Extension error: TypeError: items is null moz-extension://3b541b10-998d-4f52-800e-ecc9a3b899e9/background.js 869
[[Exception stack
G_cp_qd@moz-extension://3b541b10-998d-4f52-800e-ecc9a3b899e9/background.js:869:260
G_cp_Lc/<@moz-extension://3b541b10-998d-4f52-800e-ecc9a3b899e9/background.js:363:296
Current stack
applySafeWithoutClone@resource://gre/modules/ExtensionCommon.sys.mjs:698:41
fire@resource://gre/modules/ExtensionChild.sys.mjs:819:37
recvRunListener@resource://gre/modules/ExtensionChild.sys.mjs:823:13
_recv@resource://gre/modules/ConduitsChild.sys.mjs:77:20
receiveMessage@resource://gre/modules/ConduitsChild.sys.mjs:189:20
run@resource://gre/modules/ConduitsChild.sys.mjs:180:30
receiveMessage/<@resource://gre/modules/ConduitsChild.sys.mjs:181:46
receiveMessage@resource://gre/modules/ConduitsChild.sys.mjs:181:31
]]
Extension error: TypeError: items is null moz-extension://3b541b10-998d-4f52-800e-ecc9a3b899e9/background.js 361
[[Exception stack
a@moz-extension://3b541b10-998d-4f52-800e-ecc9a3b899e9/background.js:361:54
Current stack
applySafeWithoutClone@resource://gre/modules/ExtensionCommon.sys.mjs:698:41
fire@resource://gre/modules/ExtensionChild.sys.mjs:819:37
recvRunListener@resource://gre/modules/ExtensionChild.sys.mjs:823:13
_recv@resource://gre/modules/ConduitsChild.sys.mjs:77:20
receiveMessage@resource://gre/modules/ConduitsChild.sys.mjs:189:20
run@resource://gre/modules/ConduitsChild.sys.mjs:180:30
receiveMessage/<@resource://gre/modules/ConduitsChild.sys.mjs:181:46
receiveMessage@resource://gre/modules/ConduitsChild.sys.mjs:181:31
]]
Extension error: TypeError: items is null moz-extension://3b541b10-998d-4f52-800e-ecc9a3b899e9/background.js 365
[[Exception stack
G_cp_Lc/<@moz-extension://3b541b10-998d-4f52-800e-ecc9a3b899e9/background.js:365:59
Current stack
applySafeWithoutClone@resource://gre/modules/ExtensionCommon.sys.mjs:698:41
fire@resource://gre/modules/ExtensionChild.sys.mjs:819:37
recvRunListener@resource://gre/modules/ExtensionChild.sys.mjs:823:13
_recv@resource://gre/modules/ConduitsChild.sys.mjs:77:20
receiveMessage@resource://gre/modules/ConduitsChild.sys.mjs:189:20
]]
Extension error: TypeError: items is null moz-extension://3b541b10-998d-4f52-800e-ecc9a3b899e9/background.js 361
[[Exception stack
a@moz-extension://3b541b10-998d-4f52-800e-ecc9a3b899e9/background.js:361:54
Current stack
applySafeWithoutClone@resource://gre/modules/ExtensionCommon.sys.mjs:698:41
fire@resource://gre/modules/ExtensionChild.sys.mjs:819:37
recvRunListener@resource://gre/modules/ExtensionChild.sys.mjs:823:13
_recv@resource://gre/modules/ConduitsChild.sys.mjs:77:20
receiveMessage@resource://gre/modules/ConduitsChild.sys.mjs:189:20
run@resource://gre/modules/ConduitsChild.sys.mjs:180:30
receiveMessage/<@resource://gre/modules/ConduitsChild.sys.mjs:181:46
receiveMessage@resource://gre/modules/ConduitsChild.sys.mjs:181:31
]]
Extension error: TypeError: items is null moz-extension://3b541b10-998d-4f52-800e-ecc9a3b899e9/background.js 869
[[Exception stack
G_cp_qd@moz-extension://3b541b10-998d-4f52-800e-ecc9a3b899e9/background.js:869:260
G_cp_Lc/<@moz-extension://3b541b10-998d-4f52-800e-ecc9a3b899e9/background.js:363:296
Current stack
applySafeWithoutClone@resource://gre/modules/ExtensionCommon.sys.mjs:698:41
fire@resource://gre/modules/ExtensionChild.sys.mjs:819:37
recvRunListener@resource://gre/modules/ExtensionChild.sys.mjs:823:13
_recv@resource://gre/modules/ConduitsChild.sys.mjs:77:20
receiveMessage@resource://gre/modules/ConduitsChild.sys.mjs:189:20
run@resource://gre/modules/ConduitsChild.sys.mjs:180:30
receiveMessage/<@resource://gre/modules/ConduitsChild.sys.mjs:181:46
receiveMessage@resource://gre/modules/ConduitsChild.sys.mjs:181:31
]]
Extension error: TypeError: items is null moz-extension://3b541b10-998d-4f52-800e-ecc9a3b899e9/background.js 869
[[Exception stack
G_cp_qd@moz-extension://3b541b10-998d-4f52-800e-ecc9a3b899e9/background.js:869:260
G_cp_Lc/<@moz-extension://3b541b10-998d-4f52-800e-ecc9a3b899e9/background.js:363:296
Current stack
applySafeWithoutClone@resource://gre/modules/ExtensionCommon.sys.mjs:698:41
fire@resource://gre/modules/ExtensionChild.sys.mjs:819:37
recvRunListener@resource://gre/modules/ExtensionChild.sys.mjs:823:13
_recv@resource://gre/modules/ConduitsChild.sys.mjs:77:20
receiveMessage@resource://gre/modules/ConduitsChild.sys.mjs:189:20
run@resource://gre/modules/ConduitsChild.sys.mjs:180:30
receiveMessage/<@resource://gre/modules/ConduitsChild.sys.mjs:181:46
receiveMessage@resource://gre/modules/ConduitsChild.sys.mjs:181:31
]]
JavaScript error: moz-extension://3b541b10-998d-4f52-800e-ecc9a3b899e9/background.js, line 753: TypeError: items is null
console.warn: LoginRecipes: "Falling back to a synchronous message for: https://robotsparebinindustries.com."
1701327798353	Marionette	INFO	Stopped listening on port 63033
JavaScript error: resource://gre/modules/ConduitsChild.sys.mjs, line 108: Error: sendRemoveListener on closed conduit sba4b_firefox_quantum@checkpoint.com.137438953819
Dynamically enable window occlusion 1
